<?xml version="1.0" encoding="UTF-8"?>
<testsuites>
  <testsuite name="fastlane.lanes">
    
    
    
      
      <testcase classname="fastlane.lanes" name="0: default_platform" time="0.0013758">
        
      </testcase>
    
      
      <testcase classname="fastlane.lanes" name="1: flutter clean" time="1.8711664">
        
      </testcase>
    
      
      <testcase classname="fastlane.lanes" name="2: flutter build apk --release --flavor production --target lib/main.dart --no-tree-shake-icons" time="9.4958711">
        
          <failure message="C:/Ruby34-x64/lib/ruby/gems/3.4.0/gems/fastlane-2.227.2/fastlane/lib/fastlane/actions/actions_helper.rb:67:in &apos;Fastlane::Actions.execute_action&apos;&#10;C:/Ruby34-x64/lib/ruby/gems/3.4.0/gems/fastlane-2.227.2/fastlane/lib/fastlane/fast_file.rb:224:in &apos;Fastlane::FastFile.sh&apos;&#10;C:/Ruby34-x64/lib/ruby/gems/3.4.0/gems/fastlane-2.227.2/fastlane/lib/fastlane/fast_file.rb:216:in &apos;Fastlane::FastFile#sh&apos;&#10;Fastfile:8:in &apos;block (2 levels) in Fastlane::FastFile#parsing_binding&apos;&#10;C:/Ruby34-x64/lib/ruby/gems/3.4.0/gems/fastlane-2.227.2/fastlane/lib/fastlane/lane.rb:41:in &apos;Fastlane::Lane#call&apos;&#10;C:/Ruby34-x64/lib/ruby/gems/3.4.0/gems/fastlane-2.227.2/fastlane/lib/fastlane/runner.rb:49:in &apos;block in Fastlane::Runner#execute&apos;&#10;C:/Ruby34-x64/lib/ruby/gems/3.4.0/gems/fastlane-2.227.2/fastlane/lib/fastlane/runner.rb:45:in &apos;Dir.chdir&apos;&#10;C:/Ruby34-x64/lib/ruby/gems/3.4.0/gems/fastlane-2.227.2/fastlane/lib/fastlane/runner.rb:45:in &apos;Fastlane::Runner#execute&apos;&#10;C:/Ruby34-x64/lib/ruby/gems/3.4.0/gems/fastlane-2.227.2/fastlane/lib/fastlane/lane_manager.rb:46:in &apos;Fastlane::LaneManager.cruise_lane&apos;&#10;C:/Ruby34-x64/lib/ruby/gems/3.4.0/gems/fastlane-2.227.2/fastlane/lib/fastlane/command_line_handler.rb:34:in &apos;Fastlane::CommandLineHandler.handle&apos;&#10;C:/Ruby34-x64/lib/ruby/gems/3.4.0/gems/fastlane-2.227.2/fastlane/lib/fastlane/commands_generator.rb:110:in &apos;block (2 levels) in Fastlane::CommandsGenerator#run&apos;&#10;C:/Ruby34-x64/lib/ruby/gems/3.4.0/gems/commander-4.6.0/lib/commander/command.rb:187:in &apos;Commander::Command#call&apos;&#10;C:/Ruby34-x64/lib/ruby/gems/3.4.0/gems/commander-4.6.0/lib/commander/command.rb:157:in &apos;Commander::Command#run&apos;&#10;C:/Ruby34-x64/lib/ruby/gems/3.4.0/gems/commander-4.6.0/lib/commander/runner.rb:444:in &apos;Commander::Runner#run_active_command&apos;&#10;C:/Ruby34-x64/lib/ruby/gems/3.4.0/gems/fastlane-2.227.2/fastlane_core/lib/fastlane_core/ui/fastlane_runner.rb:124:in &apos;Commander::Runner#run!&apos;&#10;C:/Ruby34-x64/lib/ruby/gems/3.4.0/gems/commander-4.6.0/lib/commander/delegates.rb:18:in &apos;Commander::Delegates#run!&apos;&#10;C:/Ruby34-x64/lib/ruby/gems/3.4.0/gems/fastlane-2.227.2/fastlane/lib/fastlane/commands_generator.rb:363:in &apos;Fastlane::CommandsGenerator#run&apos;&#10;C:/Ruby34-x64/lib/ruby/gems/3.4.0/gems/fastlane-2.227.2/fastlane/lib/fastlane/commands_generator.rb:43:in &apos;Fastlane::CommandsGenerator.start&apos;&#10;C:/Ruby34-x64/lib/ruby/gems/3.4.0/gems/fastlane-2.227.2/fastlane/lib/fastlane/cli_tools_distributor.rb:123:in &apos;Fastlane::CLIToolsDistributor.take_off&apos;&#10;C:/Ruby34-x64/lib/ruby/gems/3.4.0/gems/fastlane-2.227.2/bin/fastlane:23:in &apos;&lt;top (required)&gt;&apos;&#10;C:/Ruby34-x64/bin/fastlane:36:in &apos;Kernel#load&apos;&#10;C:/Ruby34-x64/bin/fastlane:36:in &apos;&lt;main&gt;&apos;&#10;&#10;Exit status of command &apos;flutter build apk --release --flavor production --target lib/main.dart --no-tree-shake-icons&apos; was 1 instead of 0.&#10;Changing current working directory to: C:\Users\moume\StudioProjects\doctor_app&#10;Resolving dependencies...&#10;Downloading packages...&#10;  flutter_lints 5.0.0 (6.0.0 available)&#10;  leak_tracker 10.0.9 (11.0.1 available)&#10;  leak_tracker_flutter_testing 3.0.9 (3.0.10 available)&#10;  leak_tracker_testing 3.0.1 (3.0.2 available)&#10;  lints 5.1.1 (6.0.0 available)&#10;  material_color_utilities 0.11.1 (0.12.0 available)&#10;  meta 1.16.0 (1.17.0 available)&#10;  test_api 0.7.4 (0.7.6 available)&#10;  vector_math 2.1.4 (2.2.0 available)&#10;  vm_service 15.0.0 (15.0.1 available)&#10;Got dependencies!&#10;10 packages have newer versions incompatible with dependency constraints.&#10;Try `flutter pub outdated` for more information.&#10;Running Gradle task &apos;assembleProductionRelease&apos;...              &#10;Warning: Flutter support for your project&apos;s Android Gradle Plugin version (Android Gradle Plugin version 8.2.1) will soon be dropped. Please upgrade your Android Gradle Plugin version to a version of at least Android Gradle Plugin version 8.3.0 soon.&#10;Alternatively, use the flag &quot;--android-skip-build-dependency-validation&quot; to bypass this check.&#10;&#10;Potential fix: Your project&apos;s AGP version is typically defined in the plugins block of the `settings.gradle` file (C:\Users\moume\StudioProjects\doctor_app\android/settings.gradle), by a plugin with the id of com.android.application. &#10;If you don&apos;t see a plugins block, your project was likely created with an older template version. In this case it is most likely defined in the top-level build.gradle file (C:\Users\moume\StudioProjects\doctor_app\android/build.gradle) by the following line in the dependencies block of the buildscript: &quot;classpath &apos;com.android.tools.build:gradle:&lt;version&gt;&apos;&quot;.&#10;&#10;&#10;FAILURE: Build failed with an exception.&#10;&#10;* Where:&#10;Build file &apos;C:\Users\moume\StudioProjects\doctor_app\android\build.gradle&apos; line: 13&#10;&#10;* What went wrong:&#10;A problem occurred evaluating root project &apos;android&apos;.&#10;&gt; A problem occurred configuring project &apos;:app&apos;.&#10;   &gt; com.android.builder.errors.EvalIssueException: [CXX1101] NDK at C:\Users\moume\AppData\Local\Android\sdk\ndk\26.3.11579264 did not have a source.properties file&#10;&#10;* Try:&#10;&gt; Run with --stacktrace option to get the stack trace.&#10;&gt; Run with --info or --debug option to get more log output.&#10;&gt; Run with --scan to get full insights.&#10;&gt; Get more help at https://help.gradle.org.&#10;&#10;BUILD FAILED in 2s&#10;Running Gradle task &apos;assembleProductionRelease&apos;...                  3.1s&#10;Gradle task assembleProductionRelease failed with exit code 1&#10;" />
        
      </testcase>
    
  </testsuite>
</testsuites>
